The target system is: Android - 23 - mips
The host system is: Linux - 4.4.0-21-generic - x86_64
Determining if the C compiler works passed with the following output:
Change Dir: /home/romain/reps/midiHackathon/app/.externalNativeBuild/cmake/release/mips/CMakeFiles/CMakeTmp

Run Build Command:"/home/romain/Android/Sdk/cmake/3.6.3155560/bin/ninja" "cmTC_71680"
[1/2] Building C object CMakeFiles/cmTC_71680.dir/testCCompiler.c.o
[2/2] Linking C executable cmTC_71680


Detecting C compiler ABI info compiled with the following output:
Change Dir: /home/romain/reps/midiHackathon/app/.externalNativeBuild/cmake/release/mips/CMakeFiles/CMakeTmp

Run Build Command:"/home/romain/Android/Sdk/cmake/3.6.3155560/bin/ninja" "cmTC_634f0"
[1/2] Building C object CMakeFiles/cmTC_634f0.dir/CMakeCCompilerABI.c.o
[2/2] Linking C executable cmTC_634f0
Android clang version 3.8.256229  (based on LLVM 3.8.256229)
Target: mipsel-none-linux-android
Thread model: posix
InstalledDir: /home/romain/Android/Sdk/ndk-bundle/toolchains/llvm/prebuilt/linux-x86_64/bin
Found candidate GCC installation: /home/romain/Android/Sdk/ndk-bundle/toolchains/mipsel-linux-android-4.9/prebuilt/linux-x86_64/lib/gcc/mipsel-linux-android/4.9.x
Selected GCC installation: /home/romain/Android/Sdk/ndk-bundle/toolchains/mipsel-linux-android-4.9/prebuilt/linux-x86_64/lib/gcc/mipsel-linux-android/4.9.x
Candidate multilib: mips-r6;@march=mips32r6
Candidate multilib: mips-r2;@march=mips32r2
Candidate multilib: .;
Selected multilib: .;
 "/home/romain/Android/Sdk/ndk-bundle/toolchains/mipsel-linux-android-4.9/prebuilt/linux-x86_64/lib/gcc/mipsel-linux-android/4.9.x/../../../../mipsel-linux-android/bin/ld" --sysroot=/home/romain/Android/Sdk/ndk-bundle/platforms/android-23/arch-mips -pie --sysroot=/home/romain/Android/Sdk/ndk-bundle/platforms/android-23/arch-mips --eh-frame-hdr -m elf32ltsmip -dynamic-linker /system/bin/linker -o cmTC_634f0 /home/romain/Android/Sdk/ndk-bundle/platforms/android-23/arch-mips/usr/lib/../lib/crtbegin_dynamic.o -L/home/romain/Android/Sdk/ndk-bundle/toolchains/mipsel-linux-android-4.9/prebuilt/linux-x86_64/lib/gcc/mipsel-linux-android/4.9.x -L/home/romain/Android/Sdk/ndk-bundle/toolchains/mipsel-linux-android-4.9/prebuilt/linux-x86_64/lib/gcc/mipsel-linux-android/4.9.x/../../../../mipsel-linux-android/lib/../lib -L/home/romain/Android/Sdk/ndk-bundle/platforms/android-23/arch-mips/usr/lib/../lib -L/home/romain/Android/Sdk/ndk-bundle/toolchains/mipsel-linux-android-4.9/prebuilt/linux-x86_64/lib/gcc/mipsel-linux-android/4.9.x/../../../../mipsel-linux-android/lib -L/home/romain/Android/Sdk/ndk-bundle/platforms/android-23/arch-mips/usr/lib --build-id --warn-shared-textrel --fatal-warnings --no-undefined -z noexecstack -z relro -z now --gc-sections -z nocopyreloc --build-id --warn-shared-textrel --fatal-warnings --no-undefined -z noexecstack -z relro -z now --gc-sections -z nocopyreloc CMakeFiles/cmTC_634f0.dir/CMakeCCompilerABI.c.o -lgcc -ldl -lc -lgcc -ldl /home/romain/Android/Sdk/ndk-bundle/platforms/android-23/arch-mips/usr/lib/../lib/crtend_android.o


Parsed C implicit link information from above output:
  link line regex: [^( *|.*[/\])(mipsel-linux-android-ld|([^/\]+-)?ld|collect2)[^/\]*( |$)]
  ignore line: [Change Dir: /home/romain/reps/midiHackathon/app/.externalNativeBuild/cmake/release/mips/CMakeFiles/CMakeTmp]
  ignore line: []
  ignore line: [Run Build Command:"/home/romain/Android/Sdk/cmake/3.6.3155560/bin/ninja" "cmTC_634f0"]
  ignore line: [[1/2] Building C object CMakeFiles/cmTC_634f0.dir/CMakeCCompilerABI.c.o]
  ignore line: [[2/2] Linking C executable cmTC_634f0]
  ignore line: [Android clang version 3.8.256229  (based on LLVM 3.8.256229)]
  ignore line: [Target: mipsel-none-linux-android]
  ignore line: [Thread model: posix]
  ignore line: [InstalledDir: /home/romain/Android/Sdk/ndk-bundle/toolchains/llvm/prebuilt/linux-x86_64/bin]
  ignore line: [Found candidate GCC installation: /home/romain/Android/Sdk/ndk-bundle/toolchains/mipsel-linux-android-4.9/prebuilt/linux-x86_64/lib/gcc/mipsel-linux-android/4.9.x]
  ignore line: [Selected GCC installation: /home/romain/Android/Sdk/ndk-bundle/toolchains/mipsel-linux-android-4.9/prebuilt/linux-x86_64/lib/gcc/mipsel-linux-android/4.9.x]
  ignore line: [Candidate multilib: mips-r6]
  ignore line: [@march=mips32r6]
  ignore line: [Candidate multilib: mips-r2]
  ignore line: [@march=mips32r2]
  ignore line: [Candidate multilib: .]
  ignore line: []
  ignore line: [Selected multilib: .]
  ignore line: []
  link line: [ "/home/romain/Android/Sdk/ndk-bundle/toolchains/mipsel-linux-android-4.9/prebuilt/linux-x86_64/lib/gcc/mipsel-linux-android/4.9.x/../../../../mipsel-linux-android/bin/ld" --sysroot=/home/romain/Android/Sdk/ndk-bundle/platforms/android-23/arch-mips -pie --sysroot=/home/romain/Android/Sdk/ndk-bundle/platforms/android-23/arch-mips --eh-frame-hdr -m elf32ltsmip -dynamic-linker /system/bin/linker -o cmTC_634f0 /home/romain/Android/Sdk/ndk-bundle/platforms/android-23/arch-mips/usr/lib/../lib/crtbegin_dynamic.o -L/home/romain/Android/Sdk/ndk-bundle/toolchains/mipsel-linux-android-4.9/prebuilt/linux-x86_64/lib/gcc/mipsel-linux-android/4.9.x -L/home/romain/Android/Sdk/ndk-bundle/toolchains/mipsel-linux-android-4.9/prebuilt/linux-x86_64/lib/gcc/mipsel-linux-android/4.9.x/../../../../mipsel-linux-android/lib/../lib -L/home/romain/Android/Sdk/ndk-bundle/platforms/android-23/arch-mips/usr/lib/../lib -L/home/romain/Android/Sdk/ndk-bundle/toolchains/mipsel-linux-android-4.9/prebuilt/linux-x86_64/lib/gcc/mipsel-linux-android/4.9.x/../../../../mipsel-linux-android/lib -L/home/romain/Android/Sdk/ndk-bundle/platforms/android-23/arch-mips/usr/lib --build-id --warn-shared-textrel --fatal-warnings --no-undefined -z noexecstack -z relro -z now --gc-sections -z nocopyreloc --build-id --warn-shared-textrel --fatal-warnings --no-undefined -z noexecstack -z relro -z now --gc-sections -z nocopyreloc CMakeFiles/cmTC_634f0.dir/CMakeCCompilerABI.c.o -lgcc -ldl -lc -lgcc -ldl /home/romain/Android/Sdk/ndk-bundle/platforms/android-23/arch-mips/usr/lib/../lib/crtend_android.o]
    arg [/home/romain/Android/Sdk/ndk-bundle/toolchains/mipsel-linux-android-4.9/prebuilt/linux-x86_64/lib/gcc/mipsel-linux-android/4.9.x/../../../../mipsel-linux-android/bin/ld] ==> ignore
    arg [--sysroot=/home/romain/Android/Sdk/ndk-bundle/platforms/android-23/arch-mips] ==> ignore
    arg [-pie] ==> ignore
    arg [--sysroot=/home/romain/Android/Sdk/ndk-bundle/platforms/android-23/arch-mips] ==> ignore
    arg [--eh-frame-hdr] ==> ignore
    arg [-m] ==> ignore
    arg [elf32ltsmip] ==> ignore
    arg [-dynamic-linker] ==> ignore
    arg [/system/bin/linker] ==> ignore
    arg [-o] ==> ignore
    arg [cmTC_634f0] ==> ignore
    arg [/home/romain/Android/Sdk/ndk-bundle/platforms/android-23/arch-mips/usr/lib/../lib/crtbegin_dynamic.o] ==> ignore
    arg [-L/home/romain/Android/Sdk/ndk-bundle/toolchains/mipsel-linux-android-4.9/prebuilt/linux-x86_64/lib/gcc/mipsel-linux-android/4.9.x] ==> dir [/home/romain/Android/Sdk/ndk-bundle/toolchains/mipsel-linux-android-4.9/prebuilt/linux-x86_64/lib/gcc/mipsel-linux-android/4.9.x]
    arg [-L/home/romain/Android/Sdk/ndk-bundle/toolchains/mipsel-linux-android-4.9/prebuilt/linux-x86_64/lib/gcc/mipsel-linux-android/4.9.x/../../../../mipsel-linux-android/lib/../lib] ==> dir [/home/romain/Android/Sdk/ndk-bundle/toolchains/mipsel-linux-android-4.9/prebuilt/linux-x86_64/lib/gcc/mipsel-linux-android/4.9.x/../../../../mipsel-linux-android/lib/../lib]
    arg [-L/home/romain/Android/Sdk/ndk-bundle/platforms/android-23/arch-mips/usr/lib/../lib] ==> dir [/home/romain/Android/Sdk/ndk-bundle/platforms/android-23/arch-mips/usr/lib/../lib]
    arg [-L/home/romain/Android/Sdk/ndk-bundle/toolchains/mipsel-linux-android-4.9/prebuilt/linux-x86_64/lib/gcc/mipsel-linux-android/4.9.x/../../../../mipsel-linux-android/lib] ==> dir [/home/romain/Android/Sdk/ndk-bundle/toolchains/mipsel-linux-android-4.9/prebuilt/linux-x86_64/lib/gcc/mipsel-linux-android/4.9.x/../../../../mipsel-linux-android/lib]
    arg [-L/home/romain/Android/Sdk/ndk-bundle/platforms/android-23/arch-mips/usr/lib] ==> dir [/home/romain/Android/Sdk/ndk-bundle/platforms/android-23/arch-mips/usr/lib]
    arg [--build-id] ==> ignore
    arg [--warn-shared-textrel] ==> ignore
    arg [--fatal-warnings] ==> ignore
    arg [--no-undefined] ==> ignore
    arg [-znoexecstack] ==> ignore
    arg [-zrelro] ==> ignore
    arg [-znow] ==> ignore
    arg [--gc-sections] ==> ignore
    arg [-znocopyreloc] ==> ignore
    arg [--build-id] ==> ignore
    arg [--warn-shared-textrel] ==> ignore
    arg [--fatal-warnings] ==> ignore
    arg [--no-undefined] ==> ignore
    arg [-znoexecstack] ==> ignore
    arg [-zrelro] ==> ignore
    arg [-znow] ==> ignore
    arg [--gc-sections] ==> ignore
    arg [-znocopyreloc] ==> ignore
    arg [CMakeFiles/cmTC_634f0.dir/CMakeCCompilerABI.c.o] ==> ignore
    arg [-lgcc] ==> lib [gcc]
    arg [-ldl] ==> lib [dl]
    arg [-lc] ==> lib [c]
    arg [-lgcc] ==> lib [gcc]
    arg [-ldl] ==> lib [dl]
    arg [/home/romain/Android/Sdk/ndk-bundle/platforms/android-23/arch-mips/usr/lib/../lib/crtend_android.o] ==> ignore
  remove lib [gcc]
  remove lib [gcc]
  collapse library dir [/home/romain/Android/Sdk/ndk-bundle/toolchains/mipsel-linux-android-4.9/prebuilt/linux-x86_64/lib/gcc/mipsel-linux-android/4.9.x] ==> [/home/romain/Android/Sdk/ndk-bundle/toolchains/mipsel-linux-android-4.9/prebuilt/linux-x86_64/lib/gcc/mipsel-linux-android/4.9.x]
  collapse library dir [/home/romain/Android/Sdk/ndk-bundle/toolchains/mipsel-linux-android-4.9/prebuilt/linux-x86_64/lib/gcc/mipsel-linux-android/4.9.x/../../../../mipsel-linux-android/lib/../lib] ==> [/home/romain/Android/Sdk/ndk-bundle/toolchains/mipsel-linux-android-4.9/prebuilt/linux-x86_64/mipsel-linux-android/lib]
  collapse library dir [/home/romain/Android/Sdk/ndk-bundle/platforms/android-23/arch-mips/usr/lib/../lib] ==> [/home/romain/Android/Sdk/ndk-bundle/platforms/android-23/arch-mips/usr/lib]
  collapse library dir [/home/romain/Android/Sdk/ndk-bundle/toolchains/mipsel-linux-android-4.9/prebuilt/linux-x86_64/lib/gcc/mipsel-linux-android/4.9.x/../../../../mipsel-linux-android/lib] ==> [/home/romain/Android/Sdk/ndk-bundle/toolchains/mipsel-linux-android-4.9/prebuilt/linux-x86_64/mipsel-linux-android/lib]
  collapse library dir [/home/romain/Android/Sdk/ndk-bundle/platforms/android-23/arch-mips/usr/lib] ==> [/home/romain/Android/Sdk/ndk-bundle/platforms/android-23/arch-mips/usr/lib]
  implicit libs: [dl;c;dl]
  implicit dirs: [/home/romain/Android/Sdk/ndk-bundle/toolchains/mipsel-linux-android-4.9/prebuilt/linux-x86_64/lib/gcc/mipsel-linux-android/4.9.x;/home/romain/Android/Sdk/ndk-bundle/toolchains/mipsel-linux-android-4.9/prebuilt/linux-x86_64/mipsel-linux-android/lib;/home/romain/Android/Sdk/ndk-bundle/platforms/android-23/arch-mips/usr/lib]
  implicit fwks: []


Determining if the CXX compiler works passed with the following output:
Change Dir: /home/romain/reps/midiHackathon/app/.externalNativeBuild/cmake/release/mips/CMakeFiles/CMakeTmp

Run Build Command:"/home/romain/Android/Sdk/cmake/3.6.3155560/bin/ninja" "cmTC_e5f96"
[1/2] Building CXX object CMakeFiles/cmTC_e5f96.dir/testCXXCompiler.cxx.o
clang++: warning: -lOpenSLES: 'linker' input unused
[2/2] Linking CXX executable cmTC_e5f96


Detecting CXX compiler ABI info compiled with the following output:
Change Dir: /home/romain/reps/midiHackathon/app/.externalNativeBuild/cmake/release/mips/CMakeFiles/CMakeTmp

Run Build Command:"/home/romain/Android/Sdk/cmake/3.6.3155560/bin/ninja" "cmTC_e2217"
[1/2] Building CXX object CMakeFiles/cmTC_e2217.dir/CMakeCXXCompilerABI.cpp.o
clang++: warning: -lOpenSLES: 'linker' input unused
[2/2] Linking CXX executable cmTC_e2217
Android clang version 3.8.256229  (based on LLVM 3.8.256229)
Target: mipsel-none-linux-android
Thread model: posix
InstalledDir: /home/romain/Android/Sdk/ndk-bundle/toolchains/llvm/prebuilt/linux-x86_64/bin
Found candidate GCC installation: /home/romain/Android/Sdk/ndk-bundle/toolchains/mipsel-linux-android-4.9/prebuilt/linux-x86_64/lib/gcc/mipsel-linux-android/4.9.x
Selected GCC installation: /home/romain/Android/Sdk/ndk-bundle/toolchains/mipsel-linux-android-4.9/prebuilt/linux-x86_64/lib/gcc/mipsel-linux-android/4.9.x
Candidate multilib: mips-r6;@march=mips32r6
Candidate multilib: mips-r2;@march=mips32r2
Candidate multilib: .;
Selected multilib: .;
 "/home/romain/Android/Sdk/ndk-bundle/toolchains/mipsel-linux-android-4.9/prebuilt/linux-x86_64/lib/gcc/mipsel-linux-android/4.9.x/../../../../mipsel-linux-android/bin/ld" --sysroot=/home/romain/Android/Sdk/ndk-bundle/platforms/android-23/arch-mips -pie --sysroot=/home/romain/Android/Sdk/ndk-bundle/platforms/android-23/arch-mips --eh-frame-hdr -m elf32ltsmip -dynamic-linker /system/bin/linker -o cmTC_e2217 /home/romain/Android/Sdk/ndk-bundle/platforms/android-23/arch-mips/usr/lib/../lib/crtbegin_dynamic.o -L/home/romain/Android/Sdk/ndk-bundle/toolchains/mipsel-linux-android-4.9/prebuilt/linux-x86_64/lib/gcc/mipsel-linux-android/4.9.x -L/home/romain/Android/Sdk/ndk-bundle/toolchains/mipsel-linux-android-4.9/prebuilt/linux-x86_64/lib/gcc/mipsel-linux-android/4.9.x/../../../../mipsel-linux-android/lib/../lib -L/home/romain/Android/Sdk/ndk-bundle/platforms/android-23/arch-mips/usr/lib/../lib -L/home/romain/Android/Sdk/ndk-bundle/toolchains/mipsel-linux-android-4.9/prebuilt/linux-x86_64/lib/gcc/mipsel-linux-android/4.9.x/../../../../mipsel-linux-android/lib -L/home/romain/Android/Sdk/ndk-bundle/platforms/android-23/arch-mips/usr/lib -lOpenSLES --build-id --warn-shared-textrel --fatal-warnings --no-undefined -z noexecstack -z relro -z now --gc-sections -z nocopyreloc --build-id --warn-shared-textrel --fatal-warnings --no-undefined -z noexecstack -z relro -z now --gc-sections -z nocopyreloc CMakeFiles/cmTC_e2217.dir/CMakeCXXCompilerABI.cpp.o -lstdc++ -lm -lgcc -lgcc -ldl -lc -lgcc -lgcc -ldl /home/romain/Android/Sdk/ndk-bundle/platforms/android-23/arch-mips/usr/lib/../lib/crtend_android.o


Parsed CXX implicit link information from above output:
  link line regex: [^( *|.*[/\])(mipsel-linux-android-ld|([^/\]+-)?ld|collect2)[^/\]*( |$)]
  ignore line: [Change Dir: /home/romain/reps/midiHackathon/app/.externalNativeBuild/cmake/release/mips/CMakeFiles/CMakeTmp]
  ignore line: []
  ignore line: [Run Build Command:"/home/romain/Android/Sdk/cmake/3.6.3155560/bin/ninja" "cmTC_e2217"]
  ignore line: [[1/2] Building CXX object CMakeFiles/cmTC_e2217.dir/CMakeCXXCompilerABI.cpp.o]
  ignore line: [clang++: warning: -lOpenSLES: 'linker' input unused]
  ignore line: [[2/2] Linking CXX executable cmTC_e2217]
  ignore line: [Android clang version 3.8.256229  (based on LLVM 3.8.256229)]
  ignore line: [Target: mipsel-none-linux-android]
  ignore line: [Thread model: posix]
  ignore line: [InstalledDir: /home/romain/Android/Sdk/ndk-bundle/toolchains/llvm/prebuilt/linux-x86_64/bin]
  ignore line: [Found candidate GCC installation: /home/romain/Android/Sdk/ndk-bundle/toolchains/mipsel-linux-android-4.9/prebuilt/linux-x86_64/lib/gcc/mipsel-linux-android/4.9.x]
  ignore line: [Selected GCC installation: /home/romain/Android/Sdk/ndk-bundle/toolchains/mipsel-linux-android-4.9/prebuilt/linux-x86_64/lib/gcc/mipsel-linux-android/4.9.x]
  ignore line: [Candidate multilib: mips-r6]
  ignore line: [@march=mips32r6]
  ignore line: [Candidate multilib: mips-r2]
  ignore line: [@march=mips32r2]
  ignore line: [Candidate multilib: .]
  ignore line: []
  ignore line: [Selected multilib: .]
  ignore line: []
  link line: [ "/home/romain/Android/Sdk/ndk-bundle/toolchains/mipsel-linux-android-4.9/prebuilt/linux-x86_64/lib/gcc/mipsel-linux-android/4.9.x/../../../../mipsel-linux-android/bin/ld" --sysroot=/home/romain/Android/Sdk/ndk-bundle/platforms/android-23/arch-mips -pie --sysroot=/home/romain/Android/Sdk/ndk-bundle/platforms/android-23/arch-mips --eh-frame-hdr -m elf32ltsmip -dynamic-linker /system/bin/linker -o cmTC_e2217 /home/romain/Android/Sdk/ndk-bundle/platforms/android-23/arch-mips/usr/lib/../lib/crtbegin_dynamic.o -L/home/romain/Android/Sdk/ndk-bundle/toolchains/mipsel-linux-android-4.9/prebuilt/linux-x86_64/lib/gcc/mipsel-linux-android/4.9.x -L/home/romain/Android/Sdk/ndk-bundle/toolchains/mipsel-linux-android-4.9/prebuilt/linux-x86_64/lib/gcc/mipsel-linux-android/4.9.x/../../../../mipsel-linux-android/lib/../lib -L/home/romain/Android/Sdk/ndk-bundle/platforms/android-23/arch-mips/usr/lib/../lib -L/home/romain/Android/Sdk/ndk-bundle/toolchains/mipsel-linux-android-4.9/prebuilt/linux-x86_64/lib/gcc/mipsel-linux-android/4.9.x/../../../../mipsel-linux-android/lib -L/home/romain/Android/Sdk/ndk-bundle/platforms/android-23/arch-mips/usr/lib -lOpenSLES --build-id --warn-shared-textrel --fatal-warnings --no-undefined -z noexecstack -z relro -z now --gc-sections -z nocopyreloc --build-id --warn-shared-textrel --fatal-warnings --no-undefined -z noexecstack -z relro -z now --gc-sections -z nocopyreloc CMakeFiles/cmTC_e2217.dir/CMakeCXXCompilerABI.cpp.o -lstdc++ -lm -lgcc -lgcc -ldl -lc -lgcc -lgcc -ldl /home/romain/Android/Sdk/ndk-bundle/platforms/android-23/arch-mips/usr/lib/../lib/crtend_android.o]
    arg [/home/romain/Android/Sdk/ndk-bundle/toolchains/mipsel-linux-android-4.9/prebuilt/linux-x86_64/lib/gcc/mipsel-linux-android/4.9.x/../../../../mipsel-linux-android/bin/ld] ==> ignore
    arg [--sysroot=/home/romain/Android/Sdk/ndk-bundle/platforms/android-23/arch-mips] ==> ignore
    arg [-pie] ==> ignore
    arg [--sysroot=/home/romain/Android/Sdk/ndk-bundle/platforms/android-23/arch-mips] ==> ignore
    arg [--eh-frame-hdr] ==> ignore
    arg [-m] ==> ignore
    arg [elf32ltsmip] ==> ignore
    arg [-dynamic-linker] ==> ignore
    arg [/system/bin/linker] ==> ignore
    arg [-o] ==> ignore
    arg [cmTC_e2217] ==> ignore
    arg [/home/romain/Android/Sdk/ndk-bundle/platforms/android-23/arch-mips/usr/lib/../lib/crtbegin_dynamic.o] ==> ignore
    arg [-L/home/romain/Android/Sdk/ndk-bundle/toolchains/mipsel-linux-android-4.9/prebuilt/linux-x86_64/lib/gcc/mipsel-linux-android/4.9.x] ==> dir [/home/romain/Android/Sdk/ndk-bundle/toolchains/mipsel-linux-android-4.9/prebuilt/linux-x86_64/lib/gcc/mipsel-linux-android/4.9.x]
    arg [-L/home/romain/Android/Sdk/ndk-bundle/toolchains/mipsel-linux-android-4.9/prebuilt/linux-x86_64/lib/gcc/mipsel-linux-android/4.9.x/../../../../mipsel-linux-android/lib/../lib] ==> dir [/home/romain/Android/Sdk/ndk-bundle/toolchains/mipsel-linux-android-4.9/prebuilt/linux-x86_64/lib/gcc/mipsel-linux-android/4.9.x/../../../../mipsel-linux-android/lib/../lib]
    arg [-L/home/romain/Android/Sdk/ndk-bundle/platforms/android-23/arch-mips/usr/lib/../lib] ==> dir [/home/romain/Android/Sdk/ndk-bundle/platforms/android-23/arch-mips/usr/lib/../lib]
    arg [-L/home/romain/Android/Sdk/ndk-bundle/toolchains/mipsel-linux-android-4.9/prebuilt/linux-x86_64/lib/gcc/mipsel-linux-android/4.9.x/../../../../mipsel-linux-android/lib] ==> dir [/home/romain/Android/Sdk/ndk-bundle/toolchains/mipsel-linux-android-4.9/prebuilt/linux-x86_64/lib/gcc/mipsel-linux-android/4.9.x/../../../../mipsel-linux-android/lib]
    arg [-L/home/romain/Android/Sdk/ndk-bundle/platforms/android-23/arch-mips/usr/lib] ==> dir [/home/romain/Android/Sdk/ndk-bundle/platforms/android-23/arch-mips/usr/lib]
    arg [-lOpenSLES] ==> lib [OpenSLES]
    arg [--build-id] ==> ignore
    arg [--warn-shared-textrel] ==> ignore
    arg [--fatal-warnings] ==> ignore
    arg [--no-undefined] ==> ignore
    arg [-znoexecstack] ==> ignore
    arg [-zrelro] ==> ignore
    arg [-znow] ==> ignore
    arg [--gc-sections] ==> ignore
    arg [-znocopyreloc] ==> ignore
    arg [--build-id] ==> ignore
    arg [--warn-shared-textrel] ==> ignore
    arg [--fatal-warnings] ==> ignore
    arg [--no-undefined] ==> ignore
    arg [-znoexecstack] ==> ignore
    arg [-zrelro] ==> ignore
    arg [-znow] ==> ignore
    arg [--gc-sections] ==> ignore
    arg [-znocopyreloc] ==> ignore
    arg [CMakeFiles/cmTC_e2217.dir/CMakeCXXCompilerABI.cpp.o] ==> ignore
    arg [-lstdc++] ==> lib [stdc++]
    arg [-lm] ==> lib [m]
    arg [-lgcc] ==> lib [gcc]
    arg [-lgcc] ==> lib [gcc]
    arg [-ldl] ==> lib [dl]
    arg [-lc] ==> lib [c]
    arg [-lgcc] ==> lib [gcc]
    arg [-lgcc] ==> lib [gcc]
    arg [-ldl] ==> lib [dl]
    arg [/home/romain/Android/Sdk/ndk-bundle/platforms/android-23/arch-mips/usr/lib/../lib/crtend_android.o] ==> ignore
  remove lib [gcc]
  remove lib [gcc]
  remove lib [gcc]
  remove lib [gcc]
  collapse library dir [/home/romain/Android/Sdk/ndk-bundle/toolchains/mipsel-linux-android-4.9/prebuilt/linux-x86_64/lib/gcc/mipsel-linux-android/4.9.x] ==> [/home/romain/Android/Sdk/ndk-bundle/toolchains/mipsel-linux-android-4.9/prebuilt/linux-x86_64/lib/gcc/mipsel-linux-android/4.9.x]
  collapse library dir [/home/romain/Android/Sdk/ndk-bundle/toolchains/mipsel-linux-android-4.9/prebuilt/linux-x86_64/lib/gcc/mipsel-linux-android/4.9.x/../../../../mipsel-linux-android/lib/../lib] ==> [/home/romain/Android/Sdk/ndk-bundle/toolchains/mipsel-linux-android-4.9/prebuilt/linux-x86_64/mipsel-linux-android/lib]
  collapse library dir [/home/romain/Android/Sdk/ndk-bundle/platforms/android-23/arch-mips/usr/lib/../lib] ==> [/home/romain/Android/Sdk/ndk-bundle/platforms/android-23/arch-mips/usr/lib]
  collapse library dir [/home/romain/Android/Sdk/ndk-bundle/toolchains/mipsel-linux-android-4.9/prebuilt/linux-x86_64/lib/gcc/mipsel-linux-android/4.9.x/../../../../mipsel-linux-android/lib] ==> [/home/romain/Android/Sdk/ndk-bundle/toolchains/mipsel-linux-android-4.9/prebuilt/linux-x86_64/mipsel-linux-android/lib]
  collapse library dir [/home/romain/Android/Sdk/ndk-bundle/platforms/android-23/arch-mips/usr/lib] ==> [/home/romain/Android/Sdk/ndk-bundle/platforms/android-23/arch-mips/usr/lib]
  implicit libs: [OpenSLES;stdc++;m;dl;c;dl]
  implicit dirs: [/home/romain/Android/Sdk/ndk-bundle/toolchains/mipsel-linux-android-4.9/prebuilt/linux-x86_64/lib/gcc/mipsel-linux-android/4.9.x;/home/romain/Android/Sdk/ndk-bundle/toolchains/mipsel-linux-android-4.9/prebuilt/linux-x86_64/mipsel-linux-android/lib;/home/romain/Android/Sdk/ndk-bundle/platforms/android-23/arch-mips/usr/lib]
  implicit fwks: []


