The target system is: Android - 23 - mips64
The host system is: Linux - 4.4.0-21-generic - x86_64
Determining if the C compiler works passed with the following output:
Change Dir: /home/romain/reps/midiHackathon/app/.externalNativeBuild/cmake/debug/mips64/CMakeFiles/CMakeTmp

Run Build Command:"/home/romain/Android/Sdk/cmake/3.6.3155560/bin/ninja" "cmTC_f642a"
[1/2] Building C object CMakeFiles/cmTC_f642a.dir/testCCompiler.c.o
[2/2] Linking C executable cmTC_f642a


Detecting C compiler ABI info compiled with the following output:
Change Dir: /home/romain/reps/midiHackathon/app/.externalNativeBuild/cmake/debug/mips64/CMakeFiles/CMakeTmp

Run Build Command:"/home/romain/Android/Sdk/cmake/3.6.3155560/bin/ninja" "cmTC_f8fbe"
[1/2] Building C object CMakeFiles/cmTC_f8fbe.dir/CMakeCCompilerABI.c.o
[2/2] Linking C executable cmTC_f8fbe
Android clang version 3.8.256229  (based on LLVM 3.8.256229)
Target: mips64el-none-linux-android
Thread model: posix
InstalledDir: /home/romain/Android/Sdk/ndk-bundle/toolchains/llvm/prebuilt/linux-x86_64/bin
Found candidate GCC installation: /home/romain/Android/Sdk/ndk-bundle/toolchains/mips64el-linux-android-4.9/prebuilt/linux-x86_64/lib/gcc/mips64el-linux-android/4.9.x
Selected GCC installation: /home/romain/Android/Sdk/ndk-bundle/toolchains/mips64el-linux-android-4.9/prebuilt/linux-x86_64/lib/gcc/mips64el-linux-android/4.9.x
Candidate multilib: .;
Selected multilib: .;
 "/home/romain/Android/Sdk/ndk-bundle/toolchains/mips64el-linux-android-4.9/prebuilt/linux-x86_64/lib/gcc/mips64el-linux-android/4.9.x/../../../../mips64el-linux-android/bin/ld" --sysroot=/home/romain/Android/Sdk/ndk-bundle/platforms/android-23/arch-mips64 -pie --sysroot=/home/romain/Android/Sdk/ndk-bundle/platforms/android-23/arch-mips64 --eh-frame-hdr -m elf64ltsmip -dynamic-linker /system/bin/linker64 -o cmTC_f8fbe /home/romain/Android/Sdk/ndk-bundle/platforms/android-23/arch-mips64/usr/lib/../lib64/crtbegin_dynamic.o -L/home/romain/Android/Sdk/ndk-bundle/toolchains/mips64el-linux-android-4.9/prebuilt/linux-x86_64/lib/gcc/mips64el-linux-android/4.9.x -L/home/romain/Android/Sdk/ndk-bundle/toolchains/mips64el-linux-android-4.9/prebuilt/linux-x86_64/lib/gcc/mips64el-linux-android/4.9.x/../../../../mips64el-linux-android/lib/../lib64 -L/home/romain/Android/Sdk/ndk-bundle/platforms/android-23/arch-mips64/usr/lib/../lib64 -L/home/romain/Android/Sdk/ndk-bundle/toolchains/mips64el-linux-android-4.9/prebuilt/linux-x86_64/lib/gcc/mips64el-linux-android/4.9.x/../../../../mips64el-linux-android/lib -L/home/romain/Android/Sdk/ndk-bundle/platforms/android-23/arch-mips64/usr/lib --build-id --warn-shared-textrel --fatal-warnings --no-undefined -z noexecstack -z relro -z now --gc-sections -z nocopyreloc --build-id --warn-shared-textrel --fatal-warnings --no-undefined -z noexecstack -z relro -z now --gc-sections -z nocopyreloc CMakeFiles/cmTC_f8fbe.dir/CMakeCCompilerABI.c.o -lgcc -ldl -lc -lgcc -ldl /home/romain/Android/Sdk/ndk-bundle/platforms/android-23/arch-mips64/usr/lib/../lib64/crtend_android.o


Parsed C implicit link information from above output:
  link line regex: [^( *|.*[/\])(mips64el-linux-android-ld|([^/\]+-)?ld|collect2)[^/\]*( |$)]
  ignore line: [Change Dir: /home/romain/reps/midiHackathon/app/.externalNativeBuild/cmake/debug/mips64/CMakeFiles/CMakeTmp]
  ignore line: []
  ignore line: [Run Build Command:"/home/romain/Android/Sdk/cmake/3.6.3155560/bin/ninja" "cmTC_f8fbe"]
  ignore line: [[1/2] Building C object CMakeFiles/cmTC_f8fbe.dir/CMakeCCompilerABI.c.o]
  ignore line: [[2/2] Linking C executable cmTC_f8fbe]
  ignore line: [Android clang version 3.8.256229  (based on LLVM 3.8.256229)]
  ignore line: [Target: mips64el-none-linux-android]
  ignore line: [Thread model: posix]
  ignore line: [InstalledDir: /home/romain/Android/Sdk/ndk-bundle/toolchains/llvm/prebuilt/linux-x86_64/bin]
  ignore line: [Found candidate GCC installation: /home/romain/Android/Sdk/ndk-bundle/toolchains/mips64el-linux-android-4.9/prebuilt/linux-x86_64/lib/gcc/mips64el-linux-android/4.9.x]
  ignore line: [Selected GCC installation: /home/romain/Android/Sdk/ndk-bundle/toolchains/mips64el-linux-android-4.9/prebuilt/linux-x86_64/lib/gcc/mips64el-linux-android/4.9.x]
  ignore line: [Candidate multilib: .]
  ignore line: []
  ignore line: [Selected multilib: .]
  ignore line: []
  link line: [ "/home/romain/Android/Sdk/ndk-bundle/toolchains/mips64el-linux-android-4.9/prebuilt/linux-x86_64/lib/gcc/mips64el-linux-android/4.9.x/../../../../mips64el-linux-android/bin/ld" --sysroot=/home/romain/Android/Sdk/ndk-bundle/platforms/android-23/arch-mips64 -pie --sysroot=/home/romain/Android/Sdk/ndk-bundle/platforms/android-23/arch-mips64 --eh-frame-hdr -m elf64ltsmip -dynamic-linker /system/bin/linker64 -o cmTC_f8fbe /home/romain/Android/Sdk/ndk-bundle/platforms/android-23/arch-mips64/usr/lib/../lib64/crtbegin_dynamic.o -L/home/romain/Android/Sdk/ndk-bundle/toolchains/mips64el-linux-android-4.9/prebuilt/linux-x86_64/lib/gcc/mips64el-linux-android/4.9.x -L/home/romain/Android/Sdk/ndk-bundle/toolchains/mips64el-linux-android-4.9/prebuilt/linux-x86_64/lib/gcc/mips64el-linux-android/4.9.x/../../../../mips64el-linux-android/lib/../lib64 -L/home/romain/Android/Sdk/ndk-bundle/platforms/android-23/arch-mips64/usr/lib/../lib64 -L/home/romain/Android/Sdk/ndk-bundle/toolchains/mips64el-linux-android-4.9/prebuilt/linux-x86_64/lib/gcc/mips64el-linux-android/4.9.x/../../../../mips64el-linux-android/lib -L/home/romain/Android/Sdk/ndk-bundle/platforms/android-23/arch-mips64/usr/lib --build-id --warn-shared-textrel --fatal-warnings --no-undefined -z noexecstack -z relro -z now --gc-sections -z nocopyreloc --build-id --warn-shared-textrel --fatal-warnings --no-undefined -z noexecstack -z relro -z now --gc-sections -z nocopyreloc CMakeFiles/cmTC_f8fbe.dir/CMakeCCompilerABI.c.o -lgcc -ldl -lc -lgcc -ldl /home/romain/Android/Sdk/ndk-bundle/platforms/android-23/arch-mips64/usr/lib/../lib64/crtend_android.o]
    arg [/home/romain/Android/Sdk/ndk-bundle/toolchains/mips64el-linux-android-4.9/prebuilt/linux-x86_64/lib/gcc/mips64el-linux-android/4.9.x/../../../../mips64el-linux-android/bin/ld] ==> ignore
    arg [--sysroot=/home/romain/Android/Sdk/ndk-bundle/platforms/android-23/arch-mips64] ==> ignore
    arg [-pie] ==> ignore
    arg [--sysroot=/home/romain/Android/Sdk/ndk-bundle/platforms/android-23/arch-mips64] ==> ignore
    arg [--eh-frame-hdr] ==> ignore
    arg [-m] ==> ignore
    arg [elf64ltsmip] ==> ignore
    arg [-dynamic-linker] ==> ignore
    arg [/system/bin/linker64] ==> ignore
    arg [-o] ==> ignore
    arg [cmTC_f8fbe] ==> ignore
    arg [/home/romain/Android/Sdk/ndk-bundle/platforms/android-23/arch-mips64/usr/lib/../lib64/crtbegin_dynamic.o] ==> ignore
    arg [-L/home/romain/Android/Sdk/ndk-bundle/toolchains/mips64el-linux-android-4.9/prebuilt/linux-x86_64/lib/gcc/mips64el-linux-android/4.9.x] ==> dir [/home/romain/Android/Sdk/ndk-bundle/toolchains/mips64el-linux-android-4.9/prebuilt/linux-x86_64/lib/gcc/mips64el-linux-android/4.9.x]
    arg [-L/home/romain/Android/Sdk/ndk-bundle/toolchains/mips64el-linux-android-4.9/prebuilt/linux-x86_64/lib/gcc/mips64el-linux-android/4.9.x/../../../../mips64el-linux-android/lib/../lib64] ==> dir [/home/romain/Android/Sdk/ndk-bundle/toolchains/mips64el-linux-android-4.9/prebuilt/linux-x86_64/lib/gcc/mips64el-linux-android/4.9.x/../../../../mips64el-linux-android/lib/../lib64]
    arg [-L/home/romain/Android/Sdk/ndk-bundle/platforms/android-23/arch-mips64/usr/lib/../lib64] ==> dir [/home/romain/Android/Sdk/ndk-bundle/platforms/android-23/arch-mips64/usr/lib/../lib64]
    arg [-L/home/romain/Android/Sdk/ndk-bundle/toolchains/mips64el-linux-android-4.9/prebuilt/linux-x86_64/lib/gcc/mips64el-linux-android/4.9.x/../../../../mips64el-linux-android/lib] ==> dir [/home/romain/Android/Sdk/ndk-bundle/toolchains/mips64el-linux-android-4.9/prebuilt/linux-x86_64/lib/gcc/mips64el-linux-android/4.9.x/../../../../mips64el-linux-android/lib]
    arg [-L/home/romain/Android/Sdk/ndk-bundle/platforms/android-23/arch-mips64/usr/lib] ==> dir [/home/romain/Android/Sdk/ndk-bundle/platforms/android-23/arch-mips64/usr/lib]
    arg [--build-id] ==> ignore
    arg [--warn-shared-textrel] ==> ignore
    arg [--fatal-warnings] ==> ignore
    arg [--no-undefined] ==> ignore
    arg [-znoexecstack] ==> ignore
    arg [-zrelro] ==> ignore
    arg [-znow] ==> ignore
    arg [--gc-sections] ==> ignore
    arg [-znocopyreloc] ==> ignore
    arg [--build-id] ==> ignore
    arg [--warn-shared-textrel] ==> ignore
    arg [--fatal-warnings] ==> ignore
    arg [--no-undefined] ==> ignore
    arg [-znoexecstack] ==> ignore
    arg [-zrelro] ==> ignore
    arg [-znow] ==> ignore
    arg [--gc-sections] ==> ignore
    arg [-znocopyreloc] ==> ignore
    arg [CMakeFiles/cmTC_f8fbe.dir/CMakeCCompilerABI.c.o] ==> ignore
    arg [-lgcc] ==> lib [gcc]
    arg [-ldl] ==> lib [dl]
    arg [-lc] ==> lib [c]
    arg [-lgcc] ==> lib [gcc]
    arg [-ldl] ==> lib [dl]
    arg [/home/romain/Android/Sdk/ndk-bundle/platforms/android-23/arch-mips64/usr/lib/../lib64/crtend_android.o] ==> ignore
  remove lib [gcc]
  remove lib [gcc]
  collapse library dir [/home/romain/Android/Sdk/ndk-bundle/toolchains/mips64el-linux-android-4.9/prebuilt/linux-x86_64/lib/gcc/mips64el-linux-android/4.9.x] ==> [/home/romain/Android/Sdk/ndk-bundle/toolchains/mips64el-linux-android-4.9/prebuilt/linux-x86_64/lib/gcc/mips64el-linux-android/4.9.x]
  collapse library dir [/home/romain/Android/Sdk/ndk-bundle/toolchains/mips64el-linux-android-4.9/prebuilt/linux-x86_64/lib/gcc/mips64el-linux-android/4.9.x/../../../../mips64el-linux-android/lib/../lib64] ==> [/home/romain/Android/Sdk/ndk-bundle/toolchains/mips64el-linux-android-4.9/prebuilt/linux-x86_64/mips64el-linux-android/lib64]
  collapse library dir [/home/romain/Android/Sdk/ndk-bundle/platforms/android-23/arch-mips64/usr/lib/../lib64] ==> [/home/romain/Android/Sdk/ndk-bundle/platforms/android-23/arch-mips64/usr/lib64]
  collapse library dir [/home/romain/Android/Sdk/ndk-bundle/toolchains/mips64el-linux-android-4.9/prebuilt/linux-x86_64/lib/gcc/mips64el-linux-android/4.9.x/../../../../mips64el-linux-android/lib] ==> [/home/romain/Android/Sdk/ndk-bundle/toolchains/mips64el-linux-android-4.9/prebuilt/linux-x86_64/mips64el-linux-android/lib]
  collapse library dir [/home/romain/Android/Sdk/ndk-bundle/platforms/android-23/arch-mips64/usr/lib] ==> [/home/romain/Android/Sdk/ndk-bundle/platforms/android-23/arch-mips64/usr/lib]
  implicit libs: [dl;c;dl]
  implicit dirs: [/home/romain/Android/Sdk/ndk-bundle/toolchains/mips64el-linux-android-4.9/prebuilt/linux-x86_64/lib/gcc/mips64el-linux-android/4.9.x;/home/romain/Android/Sdk/ndk-bundle/toolchains/mips64el-linux-android-4.9/prebuilt/linux-x86_64/mips64el-linux-android/lib64;/home/romain/Android/Sdk/ndk-bundle/platforms/android-23/arch-mips64/usr/lib64;/home/romain/Android/Sdk/ndk-bundle/toolchains/mips64el-linux-android-4.9/prebuilt/linux-x86_64/mips64el-linux-android/lib;/home/romain/Android/Sdk/ndk-bundle/platforms/android-23/arch-mips64/usr/lib]
  implicit fwks: []


Determining if the CXX compiler works passed with the following output:
Change Dir: /home/romain/reps/midiHackathon/app/.externalNativeBuild/cmake/debug/mips64/CMakeFiles/CMakeTmp

Run Build Command:"/home/romain/Android/Sdk/cmake/3.6.3155560/bin/ninja" "cmTC_15e5e"
[1/2] Building CXX object CMakeFiles/cmTC_15e5e.dir/testCXXCompiler.cxx.o
clang++: warning: -lOpenSLES: 'linker' input unused
[2/2] Linking CXX executable cmTC_15e5e


Detecting CXX compiler ABI info compiled with the following output:
Change Dir: /home/romain/reps/midiHackathon/app/.externalNativeBuild/cmake/debug/mips64/CMakeFiles/CMakeTmp

Run Build Command:"/home/romain/Android/Sdk/cmake/3.6.3155560/bin/ninja" "cmTC_657fc"
[1/2] Building CXX object CMakeFiles/cmTC_657fc.dir/CMakeCXXCompilerABI.cpp.o
clang++: warning: -lOpenSLES: 'linker' input unused
[2/2] Linking CXX executable cmTC_657fc
Android clang version 3.8.256229  (based on LLVM 3.8.256229)
Target: mips64el-none-linux-android
Thread model: posix
InstalledDir: /home/romain/Android/Sdk/ndk-bundle/toolchains/llvm/prebuilt/linux-x86_64/bin
Found candidate GCC installation: /home/romain/Android/Sdk/ndk-bundle/toolchains/mips64el-linux-android-4.9/prebuilt/linux-x86_64/lib/gcc/mips64el-linux-android/4.9.x
Selected GCC installation: /home/romain/Android/Sdk/ndk-bundle/toolchains/mips64el-linux-android-4.9/prebuilt/linux-x86_64/lib/gcc/mips64el-linux-android/4.9.x
Candidate multilib: .;
Selected multilib: .;
 "/home/romain/Android/Sdk/ndk-bundle/toolchains/mips64el-linux-android-4.9/prebuilt/linux-x86_64/lib/gcc/mips64el-linux-android/4.9.x/../../../../mips64el-linux-android/bin/ld" --sysroot=/home/romain/Android/Sdk/ndk-bundle/platforms/android-23/arch-mips64 -pie --sysroot=/home/romain/Android/Sdk/ndk-bundle/platforms/android-23/arch-mips64 --eh-frame-hdr -m elf64ltsmip -dynamic-linker /system/bin/linker64 -o cmTC_657fc /home/romain/Android/Sdk/ndk-bundle/platforms/android-23/arch-mips64/usr/lib/../lib64/crtbegin_dynamic.o -L/home/romain/Android/Sdk/ndk-bundle/toolchains/mips64el-linux-android-4.9/prebuilt/linux-x86_64/lib/gcc/mips64el-linux-android/4.9.x -L/home/romain/Android/Sdk/ndk-bundle/toolchains/mips64el-linux-android-4.9/prebuilt/linux-x86_64/lib/gcc/mips64el-linux-android/4.9.x/../../../../mips64el-linux-android/lib/../lib64 -L/home/romain/Android/Sdk/ndk-bundle/platforms/android-23/arch-mips64/usr/lib/../lib64 -L/home/romain/Android/Sdk/ndk-bundle/toolchains/mips64el-linux-android-4.9/prebuilt/linux-x86_64/lib/gcc/mips64el-linux-android/4.9.x/../../../../mips64el-linux-android/lib -L/home/romain/Android/Sdk/ndk-bundle/platforms/android-23/arch-mips64/usr/lib -lOpenSLES --build-id --warn-shared-textrel --fatal-warnings --no-undefined -z noexecstack -z relro -z now --gc-sections -z nocopyreloc --build-id --warn-shared-textrel --fatal-warnings --no-undefined -z noexecstack -z relro -z now --gc-sections -z nocopyreloc CMakeFiles/cmTC_657fc.dir/CMakeCXXCompilerABI.cpp.o -lstdc++ -lm -lgcc -lgcc -ldl -lc -lgcc -lgcc -ldl /home/romain/Android/Sdk/ndk-bundle/platforms/android-23/arch-mips64/usr/lib/../lib64/crtend_android.o


Parsed CXX implicit link information from above output:
  link line regex: [^( *|.*[/\])(mips64el-linux-android-ld|([^/\]+-)?ld|collect2)[^/\]*( |$)]
  ignore line: [Change Dir: /home/romain/reps/midiHackathon/app/.externalNativeBuild/cmake/debug/mips64/CMakeFiles/CMakeTmp]
  ignore line: []
  ignore line: [Run Build Command:"/home/romain/Android/Sdk/cmake/3.6.3155560/bin/ninja" "cmTC_657fc"]
  ignore line: [[1/2] Building CXX object CMakeFiles/cmTC_657fc.dir/CMakeCXXCompilerABI.cpp.o]
  ignore line: [clang++: warning: -lOpenSLES: 'linker' input unused]
  ignore line: [[2/2] Linking CXX executable cmTC_657fc]
  ignore line: [Android clang version 3.8.256229  (based on LLVM 3.8.256229)]
  ignore line: [Target: mips64el-none-linux-android]
  ignore line: [Thread model: posix]
  ignore line: [InstalledDir: /home/romain/Android/Sdk/ndk-bundle/toolchains/llvm/prebuilt/linux-x86_64/bin]
  ignore line: [Found candidate GCC installation: /home/romain/Android/Sdk/ndk-bundle/toolchains/mips64el-linux-android-4.9/prebuilt/linux-x86_64/lib/gcc/mips64el-linux-android/4.9.x]
  ignore line: [Selected GCC installation: /home/romain/Android/Sdk/ndk-bundle/toolchains/mips64el-linux-android-4.9/prebuilt/linux-x86_64/lib/gcc/mips64el-linux-android/4.9.x]
  ignore line: [Candidate multilib: .]
  ignore line: []
  ignore line: [Selected multilib: .]
  ignore line: []
  link line: [ "/home/romain/Android/Sdk/ndk-bundle/toolchains/mips64el-linux-android-4.9/prebuilt/linux-x86_64/lib/gcc/mips64el-linux-android/4.9.x/../../../../mips64el-linux-android/bin/ld" --sysroot=/home/romain/Android/Sdk/ndk-bundle/platforms/android-23/arch-mips64 -pie --sysroot=/home/romain/Android/Sdk/ndk-bundle/platforms/android-23/arch-mips64 --eh-frame-hdr -m elf64ltsmip -dynamic-linker /system/bin/linker64 -o cmTC_657fc /home/romain/Android/Sdk/ndk-bundle/platforms/android-23/arch-mips64/usr/lib/../lib64/crtbegin_dynamic.o -L/home/romain/Android/Sdk/ndk-bundle/toolchains/mips64el-linux-android-4.9/prebuilt/linux-x86_64/lib/gcc/mips64el-linux-android/4.9.x -L/home/romain/Android/Sdk/ndk-bundle/toolchains/mips64el-linux-android-4.9/prebuilt/linux-x86_64/lib/gcc/mips64el-linux-android/4.9.x/../../../../mips64el-linux-android/lib/../lib64 -L/home/romain/Android/Sdk/ndk-bundle/platforms/android-23/arch-mips64/usr/lib/../lib64 -L/home/romain/Android/Sdk/ndk-bundle/toolchains/mips64el-linux-android-4.9/prebuilt/linux-x86_64/lib/gcc/mips64el-linux-android/4.9.x/../../../../mips64el-linux-android/lib -L/home/romain/Android/Sdk/ndk-bundle/platforms/android-23/arch-mips64/usr/lib -lOpenSLES --build-id --warn-shared-textrel --fatal-warnings --no-undefined -z noexecstack -z relro -z now --gc-sections -z nocopyreloc --build-id --warn-shared-textrel --fatal-warnings --no-undefined -z noexecstack -z relro -z now --gc-sections -z nocopyreloc CMakeFiles/cmTC_657fc.dir/CMakeCXXCompilerABI.cpp.o -lstdc++ -lm -lgcc -lgcc -ldl -lc -lgcc -lgcc -ldl /home/romain/Android/Sdk/ndk-bundle/platforms/android-23/arch-mips64/usr/lib/../lib64/crtend_android.o]
    arg [/home/romain/Android/Sdk/ndk-bundle/toolchains/mips64el-linux-android-4.9/prebuilt/linux-x86_64/lib/gcc/mips64el-linux-android/4.9.x/../../../../mips64el-linux-android/bin/ld] ==> ignore
    arg [--sysroot=/home/romain/Android/Sdk/ndk-bundle/platforms/android-23/arch-mips64] ==> ignore
    arg [-pie] ==> ignore
    arg [--sysroot=/home/romain/Android/Sdk/ndk-bundle/platforms/android-23/arch-mips64] ==> ignore
    arg [--eh-frame-hdr] ==> ignore
    arg [-m] ==> ignore
    arg [elf64ltsmip] ==> ignore
    arg [-dynamic-linker] ==> ignore
    arg [/system/bin/linker64] ==> ignore
    arg [-o] ==> ignore
    arg [cmTC_657fc] ==> ignore
    arg [/home/romain/Android/Sdk/ndk-bundle/platforms/android-23/arch-mips64/usr/lib/../lib64/crtbegin_dynamic.o] ==> ignore
    arg [-L/home/romain/Android/Sdk/ndk-bundle/toolchains/mips64el-linux-android-4.9/prebuilt/linux-x86_64/lib/gcc/mips64el-linux-android/4.9.x] ==> dir [/home/romain/Android/Sdk/ndk-bundle/toolchains/mips64el-linux-android-4.9/prebuilt/linux-x86_64/lib/gcc/mips64el-linux-android/4.9.x]
    arg [-L/home/romain/Android/Sdk/ndk-bundle/toolchains/mips64el-linux-android-4.9/prebuilt/linux-x86_64/lib/gcc/mips64el-linux-android/4.9.x/../../../../mips64el-linux-android/lib/../lib64] ==> dir [/home/romain/Android/Sdk/ndk-bundle/toolchains/mips64el-linux-android-4.9/prebuilt/linux-x86_64/lib/gcc/mips64el-linux-android/4.9.x/../../../../mips64el-linux-android/lib/../lib64]
    arg [-L/home/romain/Android/Sdk/ndk-bundle/platforms/android-23/arch-mips64/usr/lib/../lib64] ==> dir [/home/romain/Android/Sdk/ndk-bundle/platforms/android-23/arch-mips64/usr/lib/../lib64]
    arg [-L/home/romain/Android/Sdk/ndk-bundle/toolchains/mips64el-linux-android-4.9/prebuilt/linux-x86_64/lib/gcc/mips64el-linux-android/4.9.x/../../../../mips64el-linux-android/lib] ==> dir [/home/romain/Android/Sdk/ndk-bundle/toolchains/mips64el-linux-android-4.9/prebuilt/linux-x86_64/lib/gcc/mips64el-linux-android/4.9.x/../../../../mips64el-linux-android/lib]
    arg [-L/home/romain/Android/Sdk/ndk-bundle/platforms/android-23/arch-mips64/usr/lib] ==> dir [/home/romain/Android/Sdk/ndk-bundle/platforms/android-23/arch-mips64/usr/lib]
    arg [-lOpenSLES] ==> lib [OpenSLES]
    arg [--build-id] ==> ignore
    arg [--warn-shared-textrel] ==> ignore
    arg [--fatal-warnings] ==> ignore
    arg [--no-undefined] ==> ignore
    arg [-znoexecstack] ==> ignore
    arg [-zrelro] ==> ignore
    arg [-znow] ==> ignore
    arg [--gc-sections] ==> ignore
    arg [-znocopyreloc] ==> ignore
    arg [--build-id] ==> ignore
    arg [--warn-shared-textrel] ==> ignore
    arg [--fatal-warnings] ==> ignore
    arg [--no-undefined] ==> ignore
    arg [-znoexecstack] ==> ignore
    arg [-zrelro] ==> ignore
    arg [-znow] ==> ignore
    arg [--gc-sections] ==> ignore
    arg [-znocopyreloc] ==> ignore
    arg [CMakeFiles/cmTC_657fc.dir/CMakeCXXCompilerABI.cpp.o] ==> ignore
    arg [-lstdc++] ==> lib [stdc++]
    arg [-lm] ==> lib [m]
    arg [-lgcc] ==> lib [gcc]
    arg [-lgcc] ==> lib [gcc]
    arg [-ldl] ==> lib [dl]
    arg [-lc] ==> lib [c]
    arg [-lgcc] ==> lib [gcc]
    arg [-lgcc] ==> lib [gcc]
    arg [-ldl] ==> lib [dl]
    arg [/home/romain/Android/Sdk/ndk-bundle/platforms/android-23/arch-mips64/usr/lib/../lib64/crtend_android.o] ==> ignore
  remove lib [gcc]
  remove lib [gcc]
  remove lib [gcc]
  remove lib [gcc]
  collapse library dir [/home/romain/Android/Sdk/ndk-bundle/toolchains/mips64el-linux-android-4.9/prebuilt/linux-x86_64/lib/gcc/mips64el-linux-android/4.9.x] ==> [/home/romain/Android/Sdk/ndk-bundle/toolchains/mips64el-linux-android-4.9/prebuilt/linux-x86_64/lib/gcc/mips64el-linux-android/4.9.x]
  collapse library dir [/home/romain/Android/Sdk/ndk-bundle/toolchains/mips64el-linux-android-4.9/prebuilt/linux-x86_64/lib/gcc/mips64el-linux-android/4.9.x/../../../../mips64el-linux-android/lib/../lib64] ==> [/home/romain/Android/Sdk/ndk-bundle/toolchains/mips64el-linux-android-4.9/prebuilt/linux-x86_64/mips64el-linux-android/lib64]
  collapse library dir [/home/romain/Android/Sdk/ndk-bundle/platforms/android-23/arch-mips64/usr/lib/../lib64] ==> [/home/romain/Android/Sdk/ndk-bundle/platforms/android-23/arch-mips64/usr/lib64]
  collapse library dir [/home/romain/Android/Sdk/ndk-bundle/toolchains/mips64el-linux-android-4.9/prebuilt/linux-x86_64/lib/gcc/mips64el-linux-android/4.9.x/../../../../mips64el-linux-android/lib] ==> [/home/romain/Android/Sdk/ndk-bundle/toolchains/mips64el-linux-android-4.9/prebuilt/linux-x86_64/mips64el-linux-android/lib]
  collapse library dir [/home/romain/Android/Sdk/ndk-bundle/platforms/android-23/arch-mips64/usr/lib] ==> [/home/romain/Android/Sdk/ndk-bundle/platforms/android-23/arch-mips64/usr/lib]
  implicit libs: [OpenSLES;stdc++;m;dl;c;dl]
  implicit dirs: [/home/romain/Android/Sdk/ndk-bundle/toolchains/mips64el-linux-android-4.9/prebuilt/linux-x86_64/lib/gcc/mips64el-linux-android/4.9.x;/home/romain/Android/Sdk/ndk-bundle/toolchains/mips64el-linux-android-4.9/prebuilt/linux-x86_64/mips64el-linux-android/lib64;/home/romain/Android/Sdk/ndk-bundle/platforms/android-23/arch-mips64/usr/lib64;/home/romain/Android/Sdk/ndk-bundle/toolchains/mips64el-linux-android-4.9/prebuilt/linux-x86_64/mips64el-linux-android/lib;/home/romain/Android/Sdk/ndk-bundle/platforms/android-23/arch-mips64/usr/lib]
  implicit fwks: []


