The target system is: Android - 23 - x86_64
The host system is: Linux - 4.4.0-21-generic - x86_64
Determining if the C compiler works passed with the following output:
Change Dir: /home/romain/reps/midiHackathon/app/.externalNativeBuild/cmake/release/x86_64/CMakeFiles/CMakeTmp

Run Build Command:"/home/romain/Android/Sdk/cmake/3.6.3155560/bin/ninja" "cmTC_c5f68"
[1/2] Building C object CMakeFiles/cmTC_c5f68.dir/testCCompiler.c.o
[2/2] Linking C executable cmTC_c5f68


Detecting C compiler ABI info compiled with the following output:
Change Dir: /home/romain/reps/midiHackathon/app/.externalNativeBuild/cmake/release/x86_64/CMakeFiles/CMakeTmp

Run Build Command:"/home/romain/Android/Sdk/cmake/3.6.3155560/bin/ninja" "cmTC_8a3db"
[1/2] Building C object CMakeFiles/cmTC_8a3db.dir/CMakeCCompilerABI.c.o
[2/2] Linking C executable cmTC_8a3db
Android clang version 3.8.256229  (based on LLVM 3.8.256229)
Target: x86_64-none-linux-android
Thread model: posix
InstalledDir: /home/romain/Android/Sdk/ndk-bundle/toolchains/llvm/prebuilt/linux-x86_64/bin
Found candidate GCC installation: /home/romain/Android/Sdk/ndk-bundle/toolchains/x86_64-4.9/prebuilt/linux-x86_64/lib/gcc/x86_64-linux-android/4.9.x
Selected GCC installation: /home/romain/Android/Sdk/ndk-bundle/toolchains/x86_64-4.9/prebuilt/linux-x86_64/lib/gcc/x86_64-linux-android/4.9.x
Candidate multilib: .;@m64
Candidate multilib: 32;@m32
Candidate multilib: x32;@mx32
Selected multilib: .;@m64
 "/home/romain/Android/Sdk/ndk-bundle/toolchains/x86_64-4.9/prebuilt/linux-x86_64/lib/gcc/x86_64-linux-android/4.9.x/../../../../x86_64-linux-android/bin/ld" --sysroot=/home/romain/Android/Sdk/ndk-bundle/platforms/android-23/arch-x86_64 -pie --eh-frame-hdr -m elf_x86_64 -dynamic-linker /system/bin/linker64 -o cmTC_8a3db /home/romain/Android/Sdk/ndk-bundle/platforms/android-23/arch-x86_64/usr/lib/../lib64/crtbegin_dynamic.o -L/home/romain/Android/Sdk/ndk-bundle/toolchains/x86_64-4.9/prebuilt/linux-x86_64/lib/gcc/x86_64-linux-android/4.9.x -L/home/romain/Android/Sdk/ndk-bundle/toolchains/x86_64-4.9/prebuilt/linux-x86_64/lib/gcc/x86_64-linux-android/4.9.x/../../../../x86_64-linux-android/lib/../lib64 -L/home/romain/Android/Sdk/ndk-bundle/platforms/android-23/arch-x86_64/usr/lib/../lib64 -L/home/romain/Android/Sdk/ndk-bundle/toolchains/x86_64-4.9/prebuilt/linux-x86_64/lib/gcc/x86_64-linux-android/4.9.x/../../../../x86_64-linux-android/lib -L/home/romain/Android/Sdk/ndk-bundle/platforms/android-23/arch-x86_64/usr/lib --build-id --warn-shared-textrel --fatal-warnings --no-undefined -z noexecstack -z relro -z now --gc-sections -z nocopyreloc --build-id --warn-shared-textrel --fatal-warnings --no-undefined -z noexecstack -z relro -z now --gc-sections -z nocopyreloc CMakeFiles/cmTC_8a3db.dir/CMakeCCompilerABI.c.o -lgcc -ldl -lc -lgcc -ldl /home/romain/Android/Sdk/ndk-bundle/platforms/android-23/arch-x86_64/usr/lib/../lib64/crtend_android.o


Parsed C implicit link information from above output:
  link line regex: [^( *|.*[/\])(x86_64-linux-android-ld|([^/\]+-)?ld|collect2)[^/\]*( |$)]
  ignore line: [Change Dir: /home/romain/reps/midiHackathon/app/.externalNativeBuild/cmake/release/x86_64/CMakeFiles/CMakeTmp]
  ignore line: []
  ignore line: [Run Build Command:"/home/romain/Android/Sdk/cmake/3.6.3155560/bin/ninja" "cmTC_8a3db"]
  ignore line: [[1/2] Building C object CMakeFiles/cmTC_8a3db.dir/CMakeCCompilerABI.c.o]
  ignore line: [[2/2] Linking C executable cmTC_8a3db]
  ignore line: [Android clang version 3.8.256229  (based on LLVM 3.8.256229)]
  ignore line: [Target: x86_64-none-linux-android]
  ignore line: [Thread model: posix]
  ignore line: [InstalledDir: /home/romain/Android/Sdk/ndk-bundle/toolchains/llvm/prebuilt/linux-x86_64/bin]
  ignore line: [Found candidate GCC installation: /home/romain/Android/Sdk/ndk-bundle/toolchains/x86_64-4.9/prebuilt/linux-x86_64/lib/gcc/x86_64-linux-android/4.9.x]
  ignore line: [Selected GCC installation: /home/romain/Android/Sdk/ndk-bundle/toolchains/x86_64-4.9/prebuilt/linux-x86_64/lib/gcc/x86_64-linux-android/4.9.x]
  ignore line: [Candidate multilib: .]
  ignore line: [@m64]
  ignore line: [Candidate multilib: 32]
  ignore line: [@m32]
  ignore line: [Candidate multilib: x32]
  ignore line: [@mx32]
  ignore line: [Selected multilib: .]
  ignore line: [@m64]
  link line: [ "/home/romain/Android/Sdk/ndk-bundle/toolchains/x86_64-4.9/prebuilt/linux-x86_64/lib/gcc/x86_64-linux-android/4.9.x/../../../../x86_64-linux-android/bin/ld" --sysroot=/home/romain/Android/Sdk/ndk-bundle/platforms/android-23/arch-x86_64 -pie --eh-frame-hdr -m elf_x86_64 -dynamic-linker /system/bin/linker64 -o cmTC_8a3db /home/romain/Android/Sdk/ndk-bundle/platforms/android-23/arch-x86_64/usr/lib/../lib64/crtbegin_dynamic.o -L/home/romain/Android/Sdk/ndk-bundle/toolchains/x86_64-4.9/prebuilt/linux-x86_64/lib/gcc/x86_64-linux-android/4.9.x -L/home/romain/Android/Sdk/ndk-bundle/toolchains/x86_64-4.9/prebuilt/linux-x86_64/lib/gcc/x86_64-linux-android/4.9.x/../../../../x86_64-linux-android/lib/../lib64 -L/home/romain/Android/Sdk/ndk-bundle/platforms/android-23/arch-x86_64/usr/lib/../lib64 -L/home/romain/Android/Sdk/ndk-bundle/toolchains/x86_64-4.9/prebuilt/linux-x86_64/lib/gcc/x86_64-linux-android/4.9.x/../../../../x86_64-linux-android/lib -L/home/romain/Android/Sdk/ndk-bundle/platforms/android-23/arch-x86_64/usr/lib --build-id --warn-shared-textrel --fatal-warnings --no-undefined -z noexecstack -z relro -z now --gc-sections -z nocopyreloc --build-id --warn-shared-textrel --fatal-warnings --no-undefined -z noexecstack -z relro -z now --gc-sections -z nocopyreloc CMakeFiles/cmTC_8a3db.dir/CMakeCCompilerABI.c.o -lgcc -ldl -lc -lgcc -ldl /home/romain/Android/Sdk/ndk-bundle/platforms/android-23/arch-x86_64/usr/lib/../lib64/crtend_android.o]
    arg [/home/romain/Android/Sdk/ndk-bundle/toolchains/x86_64-4.9/prebuilt/linux-x86_64/lib/gcc/x86_64-linux-android/4.9.x/../../../../x86_64-linux-android/bin/ld] ==> ignore
    arg [--sysroot=/home/romain/Android/Sdk/ndk-bundle/platforms/android-23/arch-x86_64] ==> ignore
    arg [-pie] ==> ignore
    arg [--eh-frame-hdr] ==> ignore
    arg [-m] ==> ignore
    arg [elf_x86_64] ==> ignore
    arg [-dynamic-linker] ==> ignore
    arg [/system/bin/linker64] ==> ignore
    arg [-o] ==> ignore
    arg [cmTC_8a3db] ==> ignore
    arg [/home/romain/Android/Sdk/ndk-bundle/platforms/android-23/arch-x86_64/usr/lib/../lib64/crtbegin_dynamic.o] ==> ignore
    arg [-L/home/romain/Android/Sdk/ndk-bundle/toolchains/x86_64-4.9/prebuilt/linux-x86_64/lib/gcc/x86_64-linux-android/4.9.x] ==> dir [/home/romain/Android/Sdk/ndk-bundle/toolchains/x86_64-4.9/prebuilt/linux-x86_64/lib/gcc/x86_64-linux-android/4.9.x]
    arg [-L/home/romain/Android/Sdk/ndk-bundle/toolchains/x86_64-4.9/prebuilt/linux-x86_64/lib/gcc/x86_64-linux-android/4.9.x/../../../../x86_64-linux-android/lib/../lib64] ==> dir [/home/romain/Android/Sdk/ndk-bundle/toolchains/x86_64-4.9/prebuilt/linux-x86_64/lib/gcc/x86_64-linux-android/4.9.x/../../../../x86_64-linux-android/lib/../lib64]
    arg [-L/home/romain/Android/Sdk/ndk-bundle/platforms/android-23/arch-x86_64/usr/lib/../lib64] ==> dir [/home/romain/Android/Sdk/ndk-bundle/platforms/android-23/arch-x86_64/usr/lib/../lib64]
    arg [-L/home/romain/Android/Sdk/ndk-bundle/toolchains/x86_64-4.9/prebuilt/linux-x86_64/lib/gcc/x86_64-linux-android/4.9.x/../../../../x86_64-linux-android/lib] ==> dir [/home/romain/Android/Sdk/ndk-bundle/toolchains/x86_64-4.9/prebuilt/linux-x86_64/lib/gcc/x86_64-linux-android/4.9.x/../../../../x86_64-linux-android/lib]
    arg [-L/home/romain/Android/Sdk/ndk-bundle/platforms/android-23/arch-x86_64/usr/lib] ==> dir [/home/romain/Android/Sdk/ndk-bundle/platforms/android-23/arch-x86_64/usr/lib]
    arg [--build-id] ==> ignore
    arg [--warn-shared-textrel] ==> ignore
    arg [--fatal-warnings] ==> ignore
    arg [--no-undefined] ==> ignore
    arg [-znoexecstack] ==> ignore
    arg [-zrelro] ==> ignore
    arg [-znow] ==> ignore
    arg [--gc-sections] ==> ignore
    arg [-znocopyreloc] ==> ignore
    arg [--build-id] ==> ignore
    arg [--warn-shared-textrel] ==> ignore
    arg [--fatal-warnings] ==> ignore
    arg [--no-undefined] ==> ignore
    arg [-znoexecstack] ==> ignore
    arg [-zrelro] ==> ignore
    arg [-znow] ==> ignore
    arg [--gc-sections] ==> ignore
    arg [-znocopyreloc] ==> ignore
    arg [CMakeFiles/cmTC_8a3db.dir/CMakeCCompilerABI.c.o] ==> ignore
    arg [-lgcc] ==> lib [gcc]
    arg [-ldl] ==> lib [dl]
    arg [-lc] ==> lib [c]
    arg [-lgcc] ==> lib [gcc]
    arg [-ldl] ==> lib [dl]
    arg [/home/romain/Android/Sdk/ndk-bundle/platforms/android-23/arch-x86_64/usr/lib/../lib64/crtend_android.o] ==> ignore
  remove lib [gcc]
  remove lib [gcc]
  collapse library dir [/home/romain/Android/Sdk/ndk-bundle/toolchains/x86_64-4.9/prebuilt/linux-x86_64/lib/gcc/x86_64-linux-android/4.9.x] ==> [/home/romain/Android/Sdk/ndk-bundle/toolchains/x86_64-4.9/prebuilt/linux-x86_64/lib/gcc/x86_64-linux-android/4.9.x]
  collapse library dir [/home/romain/Android/Sdk/ndk-bundle/toolchains/x86_64-4.9/prebuilt/linux-x86_64/lib/gcc/x86_64-linux-android/4.9.x/../../../../x86_64-linux-android/lib/../lib64] ==> [/home/romain/Android/Sdk/ndk-bundle/toolchains/x86_64-4.9/prebuilt/linux-x86_64/x86_64-linux-android/lib64]
  collapse library dir [/home/romain/Android/Sdk/ndk-bundle/platforms/android-23/arch-x86_64/usr/lib/../lib64] ==> [/home/romain/Android/Sdk/ndk-bundle/platforms/android-23/arch-x86_64/usr/lib64]
  collapse library dir [/home/romain/Android/Sdk/ndk-bundle/toolchains/x86_64-4.9/prebuilt/linux-x86_64/lib/gcc/x86_64-linux-android/4.9.x/../../../../x86_64-linux-android/lib] ==> [/home/romain/Android/Sdk/ndk-bundle/toolchains/x86_64-4.9/prebuilt/linux-x86_64/x86_64-linux-android/lib]
  collapse library dir [/home/romain/Android/Sdk/ndk-bundle/platforms/android-23/arch-x86_64/usr/lib] ==> [/home/romain/Android/Sdk/ndk-bundle/platforms/android-23/arch-x86_64/usr/lib]
  implicit libs: [dl;c;dl]
  implicit dirs: [/home/romain/Android/Sdk/ndk-bundle/toolchains/x86_64-4.9/prebuilt/linux-x86_64/lib/gcc/x86_64-linux-android/4.9.x;/home/romain/Android/Sdk/ndk-bundle/toolchains/x86_64-4.9/prebuilt/linux-x86_64/x86_64-linux-android/lib64;/home/romain/Android/Sdk/ndk-bundle/platforms/android-23/arch-x86_64/usr/lib64;/home/romain/Android/Sdk/ndk-bundle/toolchains/x86_64-4.9/prebuilt/linux-x86_64/x86_64-linux-android/lib;/home/romain/Android/Sdk/ndk-bundle/platforms/android-23/arch-x86_64/usr/lib]
  implicit fwks: []


Determining if the CXX compiler works passed with the following output:
Change Dir: /home/romain/reps/midiHackathon/app/.externalNativeBuild/cmake/release/x86_64/CMakeFiles/CMakeTmp

Run Build Command:"/home/romain/Android/Sdk/cmake/3.6.3155560/bin/ninja" "cmTC_ef4a0"
[1/2] Building CXX object CMakeFiles/cmTC_ef4a0.dir/testCXXCompiler.cxx.o
clang++: warning: -lOpenSLES: 'linker' input unused
[2/2] Linking CXX executable cmTC_ef4a0


Detecting CXX compiler ABI info compiled with the following output:
Change Dir: /home/romain/reps/midiHackathon/app/.externalNativeBuild/cmake/release/x86_64/CMakeFiles/CMakeTmp

Run Build Command:"/home/romain/Android/Sdk/cmake/3.6.3155560/bin/ninja" "cmTC_4867d"
[1/2] Building CXX object CMakeFiles/cmTC_4867d.dir/CMakeCXXCompilerABI.cpp.o
clang++: warning: -lOpenSLES: 'linker' input unused
[2/2] Linking CXX executable cmTC_4867d
Android clang version 3.8.256229  (based on LLVM 3.8.256229)
Target: x86_64-none-linux-android
Thread model: posix
InstalledDir: /home/romain/Android/Sdk/ndk-bundle/toolchains/llvm/prebuilt/linux-x86_64/bin
Found candidate GCC installation: /home/romain/Android/Sdk/ndk-bundle/toolchains/x86_64-4.9/prebuilt/linux-x86_64/lib/gcc/x86_64-linux-android/4.9.x
Selected GCC installation: /home/romain/Android/Sdk/ndk-bundle/toolchains/x86_64-4.9/prebuilt/linux-x86_64/lib/gcc/x86_64-linux-android/4.9.x
Candidate multilib: .;@m64
Candidate multilib: 32;@m32
Candidate multilib: x32;@mx32
Selected multilib: .;@m64
 "/home/romain/Android/Sdk/ndk-bundle/toolchains/x86_64-4.9/prebuilt/linux-x86_64/lib/gcc/x86_64-linux-android/4.9.x/../../../../x86_64-linux-android/bin/ld" --sysroot=/home/romain/Android/Sdk/ndk-bundle/platforms/android-23/arch-x86_64 -pie --eh-frame-hdr -m elf_x86_64 -dynamic-linker /system/bin/linker64 -o cmTC_4867d /home/romain/Android/Sdk/ndk-bundle/platforms/android-23/arch-x86_64/usr/lib/../lib64/crtbegin_dynamic.o -L/home/romain/Android/Sdk/ndk-bundle/toolchains/x86_64-4.9/prebuilt/linux-x86_64/lib/gcc/x86_64-linux-android/4.9.x -L/home/romain/Android/Sdk/ndk-bundle/toolchains/x86_64-4.9/prebuilt/linux-x86_64/lib/gcc/x86_64-linux-android/4.9.x/../../../../x86_64-linux-android/lib/../lib64 -L/home/romain/Android/Sdk/ndk-bundle/platforms/android-23/arch-x86_64/usr/lib/../lib64 -L/home/romain/Android/Sdk/ndk-bundle/toolchains/x86_64-4.9/prebuilt/linux-x86_64/lib/gcc/x86_64-linux-android/4.9.x/../../../../x86_64-linux-android/lib -L/home/romain/Android/Sdk/ndk-bundle/platforms/android-23/arch-x86_64/usr/lib -lOpenSLES --build-id --warn-shared-textrel --fatal-warnings --no-undefined -z noexecstack -z relro -z now --gc-sections -z nocopyreloc --build-id --warn-shared-textrel --fatal-warnings --no-undefined -z noexecstack -z relro -z now --gc-sections -z nocopyreloc CMakeFiles/cmTC_4867d.dir/CMakeCXXCompilerABI.cpp.o -lstdc++ -lm -lgcc -lgcc -ldl -lc -lgcc -lgcc -ldl /home/romain/Android/Sdk/ndk-bundle/platforms/android-23/arch-x86_64/usr/lib/../lib64/crtend_android.o


Parsed CXX implicit link information from above output:
  link line regex: [^( *|.*[/\])(x86_64-linux-android-ld|([^/\]+-)?ld|collect2)[^/\]*( |$)]
  ignore line: [Change Dir: /home/romain/reps/midiHackathon/app/.externalNativeBuild/cmake/release/x86_64/CMakeFiles/CMakeTmp]
  ignore line: []
  ignore line: [Run Build Command:"/home/romain/Android/Sdk/cmake/3.6.3155560/bin/ninja" "cmTC_4867d"]
  ignore line: [[1/2] Building CXX object CMakeFiles/cmTC_4867d.dir/CMakeCXXCompilerABI.cpp.o]
  ignore line: [clang++: warning: -lOpenSLES: 'linker' input unused]
  ignore line: [[2/2] Linking CXX executable cmTC_4867d]
  ignore line: [Android clang version 3.8.256229  (based on LLVM 3.8.256229)]
  ignore line: [Target: x86_64-none-linux-android]
  ignore line: [Thread model: posix]
  ignore line: [InstalledDir: /home/romain/Android/Sdk/ndk-bundle/toolchains/llvm/prebuilt/linux-x86_64/bin]
  ignore line: [Found candidate GCC installation: /home/romain/Android/Sdk/ndk-bundle/toolchains/x86_64-4.9/prebuilt/linux-x86_64/lib/gcc/x86_64-linux-android/4.9.x]
  ignore line: [Selected GCC installation: /home/romain/Android/Sdk/ndk-bundle/toolchains/x86_64-4.9/prebuilt/linux-x86_64/lib/gcc/x86_64-linux-android/4.9.x]
  ignore line: [Candidate multilib: .]
  ignore line: [@m64]
  ignore line: [Candidate multilib: 32]
  ignore line: [@m32]
  ignore line: [Candidate multilib: x32]
  ignore line: [@mx32]
  ignore line: [Selected multilib: .]
  ignore line: [@m64]
  link line: [ "/home/romain/Android/Sdk/ndk-bundle/toolchains/x86_64-4.9/prebuilt/linux-x86_64/lib/gcc/x86_64-linux-android/4.9.x/../../../../x86_64-linux-android/bin/ld" --sysroot=/home/romain/Android/Sdk/ndk-bundle/platforms/android-23/arch-x86_64 -pie --eh-frame-hdr -m elf_x86_64 -dynamic-linker /system/bin/linker64 -o cmTC_4867d /home/romain/Android/Sdk/ndk-bundle/platforms/android-23/arch-x86_64/usr/lib/../lib64/crtbegin_dynamic.o -L/home/romain/Android/Sdk/ndk-bundle/toolchains/x86_64-4.9/prebuilt/linux-x86_64/lib/gcc/x86_64-linux-android/4.9.x -L/home/romain/Android/Sdk/ndk-bundle/toolchains/x86_64-4.9/prebuilt/linux-x86_64/lib/gcc/x86_64-linux-android/4.9.x/../../../../x86_64-linux-android/lib/../lib64 -L/home/romain/Android/Sdk/ndk-bundle/platforms/android-23/arch-x86_64/usr/lib/../lib64 -L/home/romain/Android/Sdk/ndk-bundle/toolchains/x86_64-4.9/prebuilt/linux-x86_64/lib/gcc/x86_64-linux-android/4.9.x/../../../../x86_64-linux-android/lib -L/home/romain/Android/Sdk/ndk-bundle/platforms/android-23/arch-x86_64/usr/lib -lOpenSLES --build-id --warn-shared-textrel --fatal-warnings --no-undefined -z noexecstack -z relro -z now --gc-sections -z nocopyreloc --build-id --warn-shared-textrel --fatal-warnings --no-undefined -z noexecstack -z relro -z now --gc-sections -z nocopyreloc CMakeFiles/cmTC_4867d.dir/CMakeCXXCompilerABI.cpp.o -lstdc++ -lm -lgcc -lgcc -ldl -lc -lgcc -lgcc -ldl /home/romain/Android/Sdk/ndk-bundle/platforms/android-23/arch-x86_64/usr/lib/../lib64/crtend_android.o]
    arg [/home/romain/Android/Sdk/ndk-bundle/toolchains/x86_64-4.9/prebuilt/linux-x86_64/lib/gcc/x86_64-linux-android/4.9.x/../../../../x86_64-linux-android/bin/ld] ==> ignore
    arg [--sysroot=/home/romain/Android/Sdk/ndk-bundle/platforms/android-23/arch-x86_64] ==> ignore
    arg [-pie] ==> ignore
    arg [--eh-frame-hdr] ==> ignore
    arg [-m] ==> ignore
    arg [elf_x86_64] ==> ignore
    arg [-dynamic-linker] ==> ignore
    arg [/system/bin/linker64] ==> ignore
    arg [-o] ==> ignore
    arg [cmTC_4867d] ==> ignore
    arg [/home/romain/Android/Sdk/ndk-bundle/platforms/android-23/arch-x86_64/usr/lib/../lib64/crtbegin_dynamic.o] ==> ignore
    arg [-L/home/romain/Android/Sdk/ndk-bundle/toolchains/x86_64-4.9/prebuilt/linux-x86_64/lib/gcc/x86_64-linux-android/4.9.x] ==> dir [/home/romain/Android/Sdk/ndk-bundle/toolchains/x86_64-4.9/prebuilt/linux-x86_64/lib/gcc/x86_64-linux-android/4.9.x]
    arg [-L/home/romain/Android/Sdk/ndk-bundle/toolchains/x86_64-4.9/prebuilt/linux-x86_64/lib/gcc/x86_64-linux-android/4.9.x/../../../../x86_64-linux-android/lib/../lib64] ==> dir [/home/romain/Android/Sdk/ndk-bundle/toolchains/x86_64-4.9/prebuilt/linux-x86_64/lib/gcc/x86_64-linux-android/4.9.x/../../../../x86_64-linux-android/lib/../lib64]
    arg [-L/home/romain/Android/Sdk/ndk-bundle/platforms/android-23/arch-x86_64/usr/lib/../lib64] ==> dir [/home/romain/Android/Sdk/ndk-bundle/platforms/android-23/arch-x86_64/usr/lib/../lib64]
    arg [-L/home/romain/Android/Sdk/ndk-bundle/toolchains/x86_64-4.9/prebuilt/linux-x86_64/lib/gcc/x86_64-linux-android/4.9.x/../../../../x86_64-linux-android/lib] ==> dir [/home/romain/Android/Sdk/ndk-bundle/toolchains/x86_64-4.9/prebuilt/linux-x86_64/lib/gcc/x86_64-linux-android/4.9.x/../../../../x86_64-linux-android/lib]
    arg [-L/home/romain/Android/Sdk/ndk-bundle/platforms/android-23/arch-x86_64/usr/lib] ==> dir [/home/romain/Android/Sdk/ndk-bundle/platforms/android-23/arch-x86_64/usr/lib]
    arg [-lOpenSLES] ==> lib [OpenSLES]
    arg [--build-id] ==> ignore
    arg [--warn-shared-textrel] ==> ignore
    arg [--fatal-warnings] ==> ignore
    arg [--no-undefined] ==> ignore
    arg [-znoexecstack] ==> ignore
    arg [-zrelro] ==> ignore
    arg [-znow] ==> ignore
    arg [--gc-sections] ==> ignore
    arg [-znocopyreloc] ==> ignore
    arg [--build-id] ==> ignore
    arg [--warn-shared-textrel] ==> ignore
    arg [--fatal-warnings] ==> ignore
    arg [--no-undefined] ==> ignore
    arg [-znoexecstack] ==> ignore
    arg [-zrelro] ==> ignore
    arg [-znow] ==> ignore
    arg [--gc-sections] ==> ignore
    arg [-znocopyreloc] ==> ignore
    arg [CMakeFiles/cmTC_4867d.dir/CMakeCXXCompilerABI.cpp.o] ==> ignore
    arg [-lstdc++] ==> lib [stdc++]
    arg [-lm] ==> lib [m]
    arg [-lgcc] ==> lib [gcc]
    arg [-lgcc] ==> lib [gcc]
    arg [-ldl] ==> lib [dl]
    arg [-lc] ==> lib [c]
    arg [-lgcc] ==> lib [gcc]
    arg [-lgcc] ==> lib [gcc]
    arg [-ldl] ==> lib [dl]
    arg [/home/romain/Android/Sdk/ndk-bundle/platforms/android-23/arch-x86_64/usr/lib/../lib64/crtend_android.o] ==> ignore
  remove lib [gcc]
  remove lib [gcc]
  remove lib [gcc]
  remove lib [gcc]
  collapse library dir [/home/romain/Android/Sdk/ndk-bundle/toolchains/x86_64-4.9/prebuilt/linux-x86_64/lib/gcc/x86_64-linux-android/4.9.x] ==> [/home/romain/Android/Sdk/ndk-bundle/toolchains/x86_64-4.9/prebuilt/linux-x86_64/lib/gcc/x86_64-linux-android/4.9.x]
  collapse library dir [/home/romain/Android/Sdk/ndk-bundle/toolchains/x86_64-4.9/prebuilt/linux-x86_64/lib/gcc/x86_64-linux-android/4.9.x/../../../../x86_64-linux-android/lib/../lib64] ==> [/home/romain/Android/Sdk/ndk-bundle/toolchains/x86_64-4.9/prebuilt/linux-x86_64/x86_64-linux-android/lib64]
  collapse library dir [/home/romain/Android/Sdk/ndk-bundle/platforms/android-23/arch-x86_64/usr/lib/../lib64] ==> [/home/romain/Android/Sdk/ndk-bundle/platforms/android-23/arch-x86_64/usr/lib64]
  collapse library dir [/home/romain/Android/Sdk/ndk-bundle/toolchains/x86_64-4.9/prebuilt/linux-x86_64/lib/gcc/x86_64-linux-android/4.9.x/../../../../x86_64-linux-android/lib] ==> [/home/romain/Android/Sdk/ndk-bundle/toolchains/x86_64-4.9/prebuilt/linux-x86_64/x86_64-linux-android/lib]
  collapse library dir [/home/romain/Android/Sdk/ndk-bundle/platforms/android-23/arch-x86_64/usr/lib] ==> [/home/romain/Android/Sdk/ndk-bundle/platforms/android-23/arch-x86_64/usr/lib]
  implicit libs: [OpenSLES;stdc++;m;dl;c;dl]
  implicit dirs: [/home/romain/Android/Sdk/ndk-bundle/toolchains/x86_64-4.9/prebuilt/linux-x86_64/lib/gcc/x86_64-linux-android/4.9.x;/home/romain/Android/Sdk/ndk-bundle/toolchains/x86_64-4.9/prebuilt/linux-x86_64/x86_64-linux-android/lib64;/home/romain/Android/Sdk/ndk-bundle/platforms/android-23/arch-x86_64/usr/lib64;/home/romain/Android/Sdk/ndk-bundle/toolchains/x86_64-4.9/prebuilt/linux-x86_64/x86_64-linux-android/lib;/home/romain/Android/Sdk/ndk-bundle/platforms/android-23/arch-x86_64/usr/lib]
  implicit fwks: []


